d:\c me\cplus\project1\x64\release\vc142.pdb
d:\c me\cplus\project1\x64\release\state.obj
d:\c me\cplus\project1\x64\release\potion.obj
d:\c me\cplus\project1\x64\release\collision.obj
d:\c me\cplus\project1\x64\release\player.obj
d:\c me\cplus\project1\x64\release\platform.obj
d:\c me\cplus\project1\x64\release\pausemenu.obj
d:\c me\cplus\project1\x64\release\menu.obj
d:\c me\cplus\project1\x64\release\main.obj
d:\c me\cplus\project1\x64\release\iohighscore.obj
d:\c me\cplus\project1\x64\release\highscoremanager.obj
d:\c me\cplus\project1\x64\release\highscorelist.obj
d:\c me\cplus\project1\x64\release\gamestate.obj
d:\c me\cplus\project1\x64\release\game.obj
d:\c me\cplus\project1\x64\release\enenmy.obj
d:\c me\cplus\project1\x64\release\deadmenu.obj
d:\c me\cplus\project1\x64\release\colision.obj
d:\c me\cplus\project1\x64\release\button.obj
d:\c me\cplus\project1\x64\release\bullet.obj
d:\c me\cplus\project1\x64\release\animation.obj
d:\c me\cplus\x64\release\project1.exe
d:\c me\cplus\x64\release\project1.pdb
d:\c me\cplus\x64\release\project1.ipdb
d:\c me\cplus\x64\release\project1.iobj
d:\c me\cplus\project1\x64\release\project1.tlog\cl.command.1.tlog
d:\c me\cplus\project1\x64\release\project1.tlog\cl.read.1.tlog
d:\c me\cplus\project1\x64\release\project1.tlog\cl.write.1.tlog
d:\c me\cplus\project1\x64\release\project1.tlog\link.command.1.tlog
d:\c me\cplus\project1\x64\release\project1.tlog\link.read.1.tlog
d:\c me\cplus\project1\x64\release\project1.tlog\link.write.1.tlog
d:\c me\cplus\project1\x64\release\project1.tlog\project1.write.1u.tlog
