d:\c me\cplus\project1\x64\debug\vc142.pdb
d:\c me\cplus\project1\x64\debug\vc142.idb
d:\c me\cplus\project1\x64\debug\platform.obj
d:\c me\cplus\project1\x64\debug\main.obj
d:\c me\cplus\project1\x64\debug\colision.obj
d:\c me\cplus\project1\x64\debug\bullet.obj
d:\c me\cplus\project1\x64\debug\animation.obj
d:\c me\cplus\project1\x64\debug\player.obj
d:\c me\cplus\project1\x64\debug\enenmy.obj
d:\c me\cplus\project1\x64\debug\intersection.obj
d:\c me\cplus\project1\x64\debug\collision.obj
d:\c me\cplus\x64\debug\project1.exe
d:\c me\cplus\x64\debug\project1.ilk
d:\c me\cplus\x64\debug\project1.pdb
d:\c me\cplus\project1\x64\debug\project1.tlog\cl.command.1.tlog
d:\c me\cplus\project1\x64\debug\project1.tlog\cl.read.1.tlog
d:\c me\cplus\project1\x64\debug\project1.tlog\cl.write.1.tlog
d:\c me\cplus\project1\x64\debug\project1.tlog\link.command.1.tlog
d:\c me\cplus\project1\x64\debug\project1.tlog\link.read.1.tlog
d:\c me\cplus\project1\x64\debug\project1.tlog\link.write.1.tlog
